  0%|                                                                                                                                                                                                | 0/10 [00:00<?, ?it/s]
Traceback (most recent call last):
  File "C:\Users\tobia\AppData\Local\Programs\Python\Python310\lib\shutil.py", line 816, in move
    os.rename(src, real_dst)
OSError: [WinError 123] The filename, directory name, or volume label syntax is incorrect: 'C:\\Users\\tobia\\AppData\\Local\\Temp\\tmpkolcb2t5wandb-media\\arku2xeh.png' -> 'C:\\Users\\tobia\\Documents\\GitHub\\RNN_Tobia_Simmler\\wandb\\run-20231029_142130-2eclth51\\files\\media\\images\\img[ 0.07645386  0.08300079 -0.02342725  0.09186114 -0.02191035  0.02017907\n -0.0486855   0.05872827  0.08815429 -0.07336281  0.08691961  0.01871593\n  0.07388089  0.01354305  0.04821881 -0.0141191   0.07708859  0.01478089\n -0.04668399  0.02548983 -0.04607366 -0.01172729 -0.04061583  0.0663371\n -0.07893702 -0.04610103 -0.02823748 -0.06012725  0.00943831 -0.09876791\n  0.09031091 -0.08494683  0.07720274  0.01664191 -0.03247045  0.061795\n  0.01558508  0.08079634  0.01093197 -0.03153732  0.02686837 -0.02711795\n  0.04208576  0.08928222  0.05780596 -0.04371725  0.05772647  0.01789262\n  0.05078351 -0.06095051 -0.09899085 -0.03863605 -0.07670228  0.08205389\n  0.02880313  0.04142136  0.03162611 -0.0017396   0.07826083 -0.07105136\n  0.00629637 -0.06825402  0.0308352  -0.03443823  0.03064162 -0.02083415\n  0.08293919 -0.05927019 -0.0596398  -0.0596434   0.08994428  0.03332511\n  0.09622508 -0.08252762 -0.09918761 -0.07823638 -0.06726891  0.04050402\n  0.03580759  0.08309244 -0.05164254 -0.06817118  0.05305781 -0.04042045\n  0.06069238 -0.02373006  0.0572046  -0.0776968  -0.05046498  0.03048765\n  0.02114075 -0.02549587  0.05960695  0.06798092 -0.07251734 -0.05338682\n  0.0915662  -0.03374325 -0.03545164 -0.09675946 -0.05726702  0.02498037\n -0.01319931 -0.0725886   0.00234567 -0.06830815 -0.08483966 -0.05506627\n -0.08752121 -0.06367381  0.09996089  0.0188875   0.03081597 -0.09326843\n -0.06567738 -0.03328558  0.01563711 -0.08799213 -0.0430873  -0.05986686\n  0.00027712 -0.03721032 -0.00692958 -0.06776297 -0.06863952 -0.05834018\n -0.03422974 -0.07892809  0.08384699 -0.0198464   0.08603967  0.03115822\n -0.0846797   0.06920352 -0.02751448 -0.03833261 -0.08300705 -0.09941607\n  0.02861107 -0.02184439  0.03893232 -0.08206634  0.07424291 -0.07340537\n -0.01726733  0.02088697  0.05162518  0.08073104  0.09109593 -0.07929222\n  0.02516673 -0.0430126  -0.01095848 -0.07484901  0.09108586 -0.07339505\n  0.05344512  0.03514396  0.0324956  -0.05406462  0.09089515  0.02197504\n  0.01286401 -0.08812548  0.04197884 -0.01500206 -0.04581243  0.08589465\n  0.02229488 -0.05532764 -0.05061389 -0.00477557  0.05583613 -0.02555338\n -0.05705749 -0.03424428 -0.07470749  0.03566325  0.07740403 -0.09414404\n  0.02322507  0.05165917  0.01813294 -0.03561246  0.05219422  0.05255132\n  0.03739273 -0.01757214 -0.02648012  0.01069809 -0.01766541 -0.0298001\n  0.06392068  0.08593995 -0.00989974 -0.02238969  0.00145923 -0.00597082\n  0.02404113  0.02802337 -0.09082568 -0.03690378  0.08421295  0.0389555\n -0.00497375 -0.06029058 -0.06118051 -0.08957668 -0.03259625  0.03377042\n  0.06376217  0.04616974 -0.0883944  -0.06013625 -0.01578166  0.09673495\n  0.01446575 -0.02589707  0.04137153 -0.03808815 -0.06472556  0.07298873\n -0.04547018 -0.02004667 -0.09948043  0.06692707  0.07576347  0.03644482\n -0.06972742 -0.09869399 -0.0812179   0.07457002  0.04801058  0.08415044\n  0.05238699  0.02530921 -0.00097927 -0.0760506  -0.08567722 -0.09353486\n  0.04093619 -0.0490968  -0.02012525 -0.05755053 -0.01822235 -0.07038349\n -0.06534157  0.03317108 -0.02971964  0.06173433 -0.03208087 -0.07335673\n -0.01764389 -0.04847474 -0.03059416 -0.09519956  0.0559491  -0.06962045\n  0.05026177  0.04537842  0.07144327 -0.0767052   0.07191969 -0.04727516\n  0.03710692  0.09391148 -0.01410319 -0.00077335 -0.02302305 -0.08349846\n  0.04799028 -0.09927179  0.06207999  0.07482251  0.09457064 -0.02358796\n -0.08216419  0.02248303  0.05524272 -0.09953088 -0.02269837 -0.05994555\n -0.00874637 -0.04922135 -0.04087676 -0.03174589 -0.0950304   0.08205075\n  0.08383312 -0.01568691 -0.0113882  -0.04081199 -0.09030628 -0.09731444\n  0.03716584 -0.05490462 -0.0642877  -0.00780232 -0.03330112 -0.03235207\n  0.00321312 -0.02121124 -0.03443124 -0.04788059 -0.08138274  0.08385072\n -0.04001871  0.02649795 -0.03469659  0.00812612  0.09323005  0.04607227\n -0.08665997  0.03969028  0.09492428  0.02630834  0.06704248  0.09858876\n -0.0153229   0.02075545 -0.06950351 -0.02060771  0.07405838  0.05126459\n -0.0632789  -0.0801885  -0.06833637 -0.09868777 -0.0771639  -0.02472974\n  0.06748772  0.01673822 -0.07606055 -0.08022239  0.04974753 -0.07438413\n -0.01231275  0.0479706  -0.04628121 -0.01090399 -0.00870445 -0.02365834\n -0.05070322 -0.08914384 -0.0808357  -0.05354617  0.09658378 -0.04830147\n -0.0671528   0.02423942  0.02756103  0.05479098  0.07601204  0.05568742\n -0.0991501   0.00886886  0.06057531 -0.00924255 -0.05892792  0.09533399\n -0.03740279 -0.05693445 -0.0901555   0.00446683  0.04431332  0.02213629\n  0.01977497 -0.07583874 -0.09338873  0.00176094  0.09118342  0.05769213\n -0.05822343 -0.01298086 -0.07371835 -0.04824234  0.01810984  0.05445386\n  0.08283693 -0.09181061  0.06686152 -0.07052921  0.03744673  0.08462454\n  0.00140424  0.09098089 -0.08520515 -0.03819592  0.0583253  -0.02178679\n -0.02047002 -0.04167917  0.06893062  0.04905032  0.03204501 -0.05619637\n -0.08117495  0.01081606  0.02962788 -0.04617119]_0_167197459206af4a43fd.png'
During handling of the above exception, another exception occurred:
Traceback (most recent call last):
  File "C:\Users\tobia\Documents\GitHub\RNN_Tobia_Simmler\main.py", line 15, in <module>
    run(config["experiment"])
  File "C:\Users\tobia\Documents\GitHub\RNN_Tobia_Simmler\src\runner.py", line 63, in run
    tm.fit(num_epochs=config["training"]["n_epochs"])
  File "C:\Users\tobia\Documents\GitHub\RNN_Tobia_Simmler\src\training\training_abstractbaseclass.py", line 77, in fit
    self.create_weights_histogram(cur_epoch, num_epochs)
  File "C:\Users\tobia\Documents\GitHub\RNN_Tobia_Simmler\src\training\training_abstractbaseclass.py", line 269, in create_weights_histogram
    self.save_weight_histogram(w_in, "w_in", cur_epoch + 1, num_epochs)
  File "C:\Users\tobia\Documents\GitHub\RNN_Tobia_Simmler\src\training\training_abstractbaseclass.py", line 284, in save_weight_histogram
    wandb.log({"img%s"%weights: [wandb.Image(im, caption=plot_name)]})
  File "C:\Users\tobia\AppData\Local\Programs\Python\Python310\lib\site-packages\wandb\sdk\wandb_run.py", line 394, in wrapper
    return func(self, *args, **kwargs)
  File "C:\Users\tobia\AppData\Local\Programs\Python\Python310\lib\site-packages\wandb\sdk\wandb_run.py", line 345, in wrapper_fn
    return func(self, *args, **kwargs)
  File "C:\Users\tobia\AppData\Local\Programs\Python\Python310\lib\site-packages\wandb\sdk\wandb_run.py", line 335, in wrapper
    return func(self, *args, **kwargs)
  File "C:\Users\tobia\AppData\Local\Programs\Python\Python310\lib\site-packages\wandb\sdk\wandb_run.py", line 1751, in log
    self._log(data=data, step=step, commit=commit)
  File "C:\Users\tobia\AppData\Local\Programs\Python\Python310\lib\site-packages\wandb\sdk\wandb_run.py", line 1532, in _log
    self._partial_history_callback(data, step, commit)
  File "C:\Users\tobia\AppData\Local\Programs\Python\Python310\lib\site-packages\wandb\sdk\wandb_run.py", line 1402, in _partial_history_callback
    self._backend.interface.publish_partial_history(
  File "C:\Users\tobia\AppData\Local\Programs\Python\Python310\lib\site-packages\wandb\sdk\interface\interface.py", line 567, in publish_partial_history
    data = history_dict_to_json(run, data, step=user_step, ignore_copy_err=True)
  File "C:\Users\tobia\AppData\Local\Programs\Python\Python310\lib\site-packages\wandb\sdk\data_types\utils.py", line 52, in history_dict_to_json
    payload[key] = val_to_json(
  File "C:\Users\tobia\AppData\Local\Programs\Python\Python310\lib\site-packages\wandb\sdk\data_types\utils.py", line 100, in val_to_json
    item.bind_to_run(
  File "C:\Users\tobia\AppData\Local\Programs\Python\Python310\lib\site-packages\wandb\sdk\data_types\image.py", line 373, in bind_to_run
    super().bind_to_run(run, key, step, id_, ignore_copy_err=ignore_copy_err)
  File "C:\Users\tobia\AppData\Local\Programs\Python\Python310\lib\site-packages\wandb\sdk\data_types\base_types\media.py", line 133, in bind_to_run
    shutil.move(self._path, new_path)
  File "C:\Users\tobia\AppData\Local\Programs\Python\Python310\lib\shutil.py", line 836, in move
    copy_function(src, real_dst)
  File "C:\Users\tobia\AppData\Local\Programs\Python\Python310\lib\shutil.py", line 434, in copy2
    copyfile(src, dst, follow_symlinks=follow_symlinks)
  File "C:\Users\tobia\AppData\Local\Programs\Python\Python310\lib\shutil.py", line 256, in copyfile
    with open(dst, 'wb') as fdst:
OSError: [Errno 22] Invalid argument: 'C:\\Users\\tobia\\Documents\\GitHub\\RNN_Tobia_Simmler\\wandb\\run-20231029_142130-2eclth51\\files\\media\\images\\img[ 0.07645386  0.08300079 -0.02342725  0.09186114 -0.02191035  0.02017907\n -0.0486855   0.05872827  0.08815429 -0.07336281  0.08691961  0.01871593\n  0.07388089  0.01354305  0.04821881 -0.0141191   0.07708859  0.01478089\n -0.04668399  0.02548983 -0.04607366 -0.01172729 -0.04061583  0.0663371\n -0.07893702 -0.04610103 -0.02823748 -0.06012725  0.00943831 -0.09876791\n  0.09031091 -0.08494683  0.07720274  0.01664191 -0.03247045  0.061795\n  0.01558508  0.08079634  0.01093197 -0.03153732  0.02686837 -0.02711795\n  0.04208576  0.08928222  0.05780596 -0.04371725  0.05772647  0.01789262\n  0.05078351 -0.06095051 -0.09899085 -0.03863605 -0.07670228  0.08205389\n  0.02880313  0.04142136  0.03162611 -0.0017396   0.07826083 -0.07105136\n  0.00629637 -0.06825402  0.0308352  -0.03443823  0.03064162 -0.02083415\n  0.08293919 -0.05927019 -0.0596398  -0.0596434   0.08994428  0.03332511\n  0.09622508 -0.08252762 -0.09918761 -0.07823638 -0.06726891  0.04050402\n  0.03580759  0.08309244 -0.05164254 -0.06817118  0.05305781 -0.04042045\n  0.06069238 -0.02373006  0.0572046  -0.0776968  -0.05046498  0.03048765\n  0.02114075 -0.02549587  0.05960695  0.06798092 -0.07251734 -0.05338682\n  0.0915662  -0.03374325 -0.03545164 -0.09675946 -0.05726702  0.02498037\n -0.01319931 -0.0725886   0.00234567 -0.06830815 -0.08483966 -0.05506627\n -0.08752121 -0.06367381  0.09996089  0.0188875   0.03081597 -0.09326843\n -0.06567738 -0.03328558  0.01563711 -0.08799213 -0.0430873  -0.05986686\n  0.00027712 -0.03721032 -0.00692958 -0.06776297 -0.06863952 -0.05834018\n -0.03422974 -0.07892809  0.08384699 -0.0198464   0.08603967  0.03115822\n -0.0846797   0.06920352 -0.02751448 -0.03833261 -0.08300705 -0.09941607\n  0.02861107 -0.02184439  0.03893232 -0.08206634  0.07424291 -0.07340537\n -0.01726733  0.02088697  0.05162518  0.08073104  0.09109593 -0.07929222\n  0.02516673 -0.0430126  -0.01095848 -0.07484901  0.09108586 -0.07339505\n  0.05344512  0.03514396  0.0324956  -0.05406462  0.09089515  0.02197504\n  0.01286401 -0.08812548  0.04197884 -0.01500206 -0.04581243  0.08589465\n  0.02229488 -0.05532764 -0.05061389 -0.00477557  0.05583613 -0.02555338\n -0.05705749 -0.03424428 -0.07470749  0.03566325  0.07740403 -0.09414404\n  0.02322507  0.05165917  0.01813294 -0.03561246  0.05219422  0.05255132\n  0.03739273 -0.01757214 -0.02648012  0.01069809 -0.01766541 -0.0298001\n  0.06392068  0.08593995 -0.00989974 -0.02238969  0.00145923 -0.00597082\n  0.02404113  0.02802337 -0.09082568 -0.03690378  0.08421295  0.0389555\n -0.00497375 -0.06029058 -0.06118051 -0.08957668 -0.03259625  0.03377042\n  0.06376217  0.04616974 -0.0883944  -0.06013625 -0.01578166  0.09673495\n  0.01446575 -0.02589707  0.04137153 -0.03808815 -0.06472556  0.07298873\n -0.04547018 -0.02004667 -0.09948043  0.06692707  0.07576347  0.03644482\n -0.06972742 -0.09869399 -0.0812179   0.07457002  0.04801058  0.08415044\n  0.05238699  0.02530921 -0.00097927 -0.0760506  -0.08567722 -0.09353486\n  0.04093619 -0.0490968  -0.02012525 -0.05755053 -0.01822235 -0.07038349\n -0.06534157  0.03317108 -0.02971964  0.06173433 -0.03208087 -0.07335673\n -0.01764389 -0.04847474 -0.03059416 -0.09519956  0.0559491  -0.06962045\n  0.05026177  0.04537842  0.07144327 -0.0767052   0.07191969 -0.04727516\n  0.03710692  0.09391148 -0.01410319 -0.00077335 -0.02302305 -0.08349846\n  0.04799028 -0.09927179  0.06207999  0.07482251  0.09457064 -0.02358796\n -0.08216419  0.02248303  0.05524272 -0.09953088 -0.02269837 -0.05994555\n -0.00874637 -0.04922135 -0.04087676 -0.03174589 -0.0950304   0.08205075\n  0.08383312 -0.01568691 -0.0113882  -0.04081199 -0.09030628 -0.09731444\n  0.03716584 -0.05490462 -0.0642877  -0.00780232 -0.03330112 -0.03235207\n  0.00321312 -0.02121124 -0.03443124 -0.04788059 -0.08138274  0.08385072\n -0.04001871  0.02649795 -0.03469659  0.00812612  0.09323005  0.04607227\n -0.08665997  0.03969028  0.09492428  0.02630834  0.06704248  0.09858876\n -0.0153229   0.02075545 -0.06950351 -0.02060771  0.07405838  0.05126459\n -0.0632789  -0.0801885  -0.06833637 -0.09868777 -0.0771639  -0.02472974\n  0.06748772  0.01673822 -0.07606055 -0.08022239  0.04974753 -0.07438413\n -0.01231275  0.0479706  -0.04628121 -0.01090399 -0.00870445 -0.02365834\n -0.05070322 -0.08914384 -0.0808357  -0.05354617  0.09658378 -0.04830147\n -0.0671528   0.02423942  0.02756103  0.05479098  0.07601204  0.05568742\n -0.0991501   0.00886886  0.06057531 -0.00924255 -0.05892792  0.09533399\n -0.03740279 -0.05693445 -0.0901555   0.00446683  0.04431332  0.02213629\n  0.01977497 -0.07583874 -0.09338873  0.00176094  0.09118342  0.05769213\n -0.05822343 -0.01298086 -0.07371835 -0.04824234  0.01810984  0.05445386\n  0.08283693 -0.09181061  0.06686152 -0.07052921  0.03744673  0.08462454\n  0.00140424  0.09098089 -0.08520515 -0.03819592  0.0583253  -0.02178679\n -0.02047002 -0.04167917  0.06893062  0.04905032  0.03204501 -0.05619637\n -0.08117495  0.01081606  0.02962788 -0.04617119]_0_167197459206af4a43fd.png'
Using device: cpu